mode: set
golang_layout/internal/repo/wiki_db/wiki_db.go:46.66,49.2 2 0
golang_layout/internal/repo/wiki_db/wiki_db.go:54.32,55.22 1 1
golang_layout/internal/repo/wiki_db/wiki_db.go:61.2,62.15 2 1
golang_layout/internal/repo/wiki_db/wiki_db.go:81.2,82.12 2 1
golang_layout/internal/repo/wiki_db/wiki_db.go:55.22,59.3 1 0
golang_layout/internal/repo/wiki_db/wiki_db.go:62.15,72.17 3 1
golang_layout/internal/repo/wiki_db/wiki_db.go:76.3,77.21 2 1
golang_layout/internal/repo/wiki_db/wiki_db.go:72.17,74.4 1 1
golang_layout/internal/repo/wiki_db/wiki_db.go:77.21,79.4 1 0
golang_layout/internal/repo/wiki_db/wiki_db.go:85.61,90.16 4 1
golang_layout/internal/repo/wiki_db/wiki_db.go:93.2,93.18 1 1
golang_layout/internal/repo/wiki_db/wiki_db.go:100.2,100.35 1 1
golang_layout/internal/repo/wiki_db/wiki_db.go:104.2,104.19 1 1
golang_layout/internal/repo/wiki_db/wiki_db.go:90.16,92.3 1 1
golang_layout/internal/repo/wiki_db/wiki_db.go:93.18,95.52 2 1
golang_layout/internal/repo/wiki_db/wiki_db.go:98.3,98.27 1 1
golang_layout/internal/repo/wiki_db/wiki_db.go:95.52,97.4 1 1
golang_layout/internal/repo/wiki_db/wiki_db.go:100.35,102.3 1 1
golang_layout/internal/repo/wiki_db/wiki_db.go:107.63,112.68 4 1
golang_layout/internal/repo/wiki_db/wiki_db.go:118.2,118.19 1 1
golang_layout/internal/repo/wiki_db/wiki_db.go:112.68,113.27 1 1
golang_layout/internal/repo/wiki_db/wiki_db.go:116.3,116.53 1 0
golang_layout/internal/repo/wiki_db/wiki_db.go:113.27,115.4 1 1
golang_layout/internal/repo/wiki_db/wiki_db.go:121.68,124.16 3 1
golang_layout/internal/repo/wiki_db/wiki_db.go:127.2,128.16 2 1
golang_layout/internal/repo/wiki_db/wiki_db.go:131.2,131.16 1 1
golang_layout/internal/repo/wiki_db/wiki_db.go:124.16,126.3 1 1
golang_layout/internal/repo/wiki_db/wiki_db.go:128.16,130.3 1 0
golang_layout/internal/repo/wiki_db/wiki_db.go:135.68,138.16 3 1
golang_layout/internal/repo/wiki_db/wiki_db.go:141.2,142.16 2 1
golang_layout/internal/repo/wiki_db/wiki_db.go:145.2,145.16 1 1
golang_layout/internal/repo/wiki_db/wiki_db.go:138.16,140.3 1 0
golang_layout/internal/repo/wiki_db/wiki_db.go:142.16,144.3 1 0
golang_layout/internal/repo/wiki_db/wiki_db.go:148.27,150.2 1 0
