mode: set
golang_layout/internal/usecase/webpage/webpage.go:30.27,32.2 1 0
golang_layout/internal/usecase/webpage/webpage.go:34.65,38.16 2 1
golang_layout/internal/usecase/webpage/webpage.go:42.2,42.18 1 1
golang_layout/internal/usecase/webpage/webpage.go:38.16,40.3 1 1
golang_layout/internal/usecase/webpage/webpage.go:45.59,47.16 2 1
golang_layout/internal/usecase/webpage/webpage.go:50.2,50.20 1 1
golang_layout/internal/usecase/webpage/webpage.go:47.16,49.3 1 1
golang_layout/internal/usecase/webpage/webpage.go:52.69,57.2 3 1
golang_layout/internal/usecase/webpage/webpage.go:59.70,63.2 3 1
golang_layout/internal/usecase/webpage/webpage.go:65.43,68.2 2 0
golang_layout/internal/usecase/webpage/webpage.go:70.48,72.2 1 0
golang_layout/internal/usecase/webpage/webpage.go:74.27,76.2 1 0
golang_layout/internal/usecase/webpage/webpage.go:78.83,80.2 1 0
golang_layout/internal/repo/wiki_db/wiki_db.go:47.66,50.2 2 0
golang_layout/internal/repo/wiki_db/wiki_db.go:55.32,56.22 1 1
golang_layout/internal/repo/wiki_db/wiki_db.go:62.2,63.15 2 1
golang_layout/internal/repo/wiki_db/wiki_db.go:82.2,83.12 2 1
golang_layout/internal/repo/wiki_db/wiki_db.go:56.22,60.3 1 0
golang_layout/internal/repo/wiki_db/wiki_db.go:63.15,73.17 3 1
golang_layout/internal/repo/wiki_db/wiki_db.go:77.3,78.21 2 1
golang_layout/internal/repo/wiki_db/wiki_db.go:73.17,75.4 1 1
golang_layout/internal/repo/wiki_db/wiki_db.go:78.21,80.4 1 0
golang_layout/internal/repo/wiki_db/wiki_db.go:86.61,91.16 4 1
golang_layout/internal/repo/wiki_db/wiki_db.go:94.2,94.18 1 1
golang_layout/internal/repo/wiki_db/wiki_db.go:101.2,101.35 1 1
golang_layout/internal/repo/wiki_db/wiki_db.go:105.2,105.19 1 1
golang_layout/internal/repo/wiki_db/wiki_db.go:91.16,93.3 1 1
golang_layout/internal/repo/wiki_db/wiki_db.go:94.18,96.52 2 1
golang_layout/internal/repo/wiki_db/wiki_db.go:99.3,99.27 1 1
golang_layout/internal/repo/wiki_db/wiki_db.go:96.52,98.4 1 1
golang_layout/internal/repo/wiki_db/wiki_db.go:101.35,103.3 1 1
golang_layout/internal/repo/wiki_db/wiki_db.go:108.63,113.68 4 1
golang_layout/internal/repo/wiki_db/wiki_db.go:119.2,119.19 1 1
golang_layout/internal/repo/wiki_db/wiki_db.go:113.68,114.27 1 1
golang_layout/internal/repo/wiki_db/wiki_db.go:117.3,117.53 1 0
golang_layout/internal/repo/wiki_db/wiki_db.go:114.27,116.4 1 1
golang_layout/internal/repo/wiki_db/wiki_db.go:122.68,125.16 3 1
golang_layout/internal/repo/wiki_db/wiki_db.go:128.2,129.16 2 1
golang_layout/internal/repo/wiki_db/wiki_db.go:132.2,132.16 1 1
golang_layout/internal/repo/wiki_db/wiki_db.go:125.16,127.3 1 1
golang_layout/internal/repo/wiki_db/wiki_db.go:129.16,131.3 1 0
golang_layout/internal/repo/wiki_db/wiki_db.go:136.68,139.16 3 1
golang_layout/internal/repo/wiki_db/wiki_db.go:142.2,143.16 2 1
golang_layout/internal/repo/wiki_db/wiki_db.go:146.2,146.16 1 1
golang_layout/internal/repo/wiki_db/wiki_db.go:139.16,141.3 1 0
golang_layout/internal/repo/wiki_db/wiki_db.go:143.16,145.3 1 0
golang_layout/internal/repo/wiki_db/wiki_db.go:149.55,152.16 3 1
golang_layout/internal/repo/wiki_db/wiki_db.go:155.2,156.16 2 1
golang_layout/internal/repo/wiki_db/wiki_db.go:159.2,159.26 1 1
golang_layout/internal/repo/wiki_db/wiki_db.go:152.16,154.3 1 1
golang_layout/internal/repo/wiki_db/wiki_db.go:156.16,158.3 1 0
golang_layout/internal/repo/wiki_db/wiki_db.go:163.27,165.2 1 0
golang_layout/internal/handler/page_handler/page_handler.go:14.69,16.16 2 1
golang_layout/internal/handler/page_handler/page_handler.go:20.2,21.16 2 1
golang_layout/internal/handler/page_handler/page_handler.go:25.2,25.30 1 1
golang_layout/internal/handler/page_handler/page_handler.go:16.16,19.3 2 1
golang_layout/internal/handler/page_handler/page_handler.go:21.16,24.3 2 1
golang_layout/internal/handler/page_handler/page_handler.go:28.69,30.16 2 1
golang_layout/internal/handler/page_handler/page_handler.go:34.2,35.16 2 1
golang_layout/internal/handler/page_handler/page_handler.go:39.2,39.30 1 1
golang_layout/internal/handler/page_handler/page_handler.go:30.16,33.3 2 1
golang_layout/internal/handler/page_handler/page_handler.go:35.16,38.3 2 1
golang_layout/internal/handler/page_handler/page_handler.go:43.71,45.16 2 1
golang_layout/internal/handler/page_handler/page_handler.go:49.2,52.39 4 1
golang_layout/internal/handler/page_handler/page_handler.go:56.2,57.16 2 1
golang_layout/internal/handler/page_handler/page_handler.go:61.2,61.52 1 1
golang_layout/internal/handler/page_handler/page_handler.go:45.16,48.3 2 1
golang_layout/internal/handler/page_handler/page_handler.go:52.39,55.3 2 1
golang_layout/internal/handler/page_handler/page_handler.go:57.16,60.3 2 1
golang_layout/internal/handler/page_handler/page_handler.go:64.80,68.39 4 1
golang_layout/internal/handler/page_handler/page_handler.go:72.2,74.16 3 1
golang_layout/internal/handler/page_handler/page_handler.go:78.2,78.55 1 1
golang_layout/internal/handler/page_handler/page_handler.go:68.39,71.3 2 1
golang_layout/internal/handler/page_handler/page_handler.go:74.16,77.3 2 1
golang_layout/internal/handler/page_handler/page_handler.go:81.72,83.16 2 1
golang_layout/internal/handler/page_handler/page_handler.go:87.2,87.18 1 1
golang_layout/internal/handler/page_handler/page_handler.go:83.16,86.3 2 1
golang_layout/internal/handler/page_handler/page_handler.go:90.71,93.2 2 1
golang_layout/internal/handler/page_handler/page_handler.go:95.71,97.16 2 1
golang_layout/internal/handler/page_handler/page_handler.go:101.2,102.16 2 1
golang_layout/internal/handler/page_handler/page_handler.go:106.2,106.49 1 1
golang_layout/internal/handler/page_handler/page_handler.go:97.16,100.3 2 1
golang_layout/internal/handler/page_handler/page_handler.go:102.16,105.3 2 1
golang_layout/internal/handler/page_handler/page_handler.go:113.88,114.54 1 1
golang_layout/internal/handler/page_handler/page_handler.go:114.54,117.15 2 1
golang_layout/internal/handler/page_handler/page_handler.go:130.3,130.17 1 0
golang_layout/internal/handler/page_handler/page_handler.go:117.15,119.16 2 1
golang_layout/internal/handler/page_handler/page_handler.go:127.4,128.10 2 1
golang_layout/internal/handler/page_handler/page_handler.go:119.16,120.26 1 0
golang_layout/internal/handler/page_handler/page_handler.go:125.5,125.11 1 0
golang_layout/internal/handler/page_handler/page_handler.go:120.26,122.6 1 0
golang_layout/internal/handler/page_handler/page_handler.go:122.11,124.6 1 0
golang_layout/internal/handler/page_handler/page_handler.go:134.23,147.2 11 0
golang_layout/internal/handler/page_handler/page_handler.go:149.77,151.16 2 1
golang_layout/internal/handler/page_handler/page_handler.go:151.16,153.3 1 1
golang_layout/internal/handler/page_handler/page_handler.go:156.62,158.16 2 1
golang_layout/internal/handler/page_handler/page_handler.go:158.16,160.3 1 1
