mode: set
golang_layout/internal/handler/page_handler/page_handler.go:14.69,16.16 2 1
golang_layout/internal/handler/page_handler/page_handler.go:20.2,21.16 2 1
golang_layout/internal/handler/page_handler/page_handler.go:25.2,25.30 1 1
golang_layout/internal/handler/page_handler/page_handler.go:16.16,19.3 2 1
golang_layout/internal/handler/page_handler/page_handler.go:21.16,24.3 2 1
golang_layout/internal/handler/page_handler/page_handler.go:28.69,30.16 2 1
golang_layout/internal/handler/page_handler/page_handler.go:34.2,35.16 2 1
golang_layout/internal/handler/page_handler/page_handler.go:39.2,39.30 1 1
golang_layout/internal/handler/page_handler/page_handler.go:30.16,33.3 2 1
golang_layout/internal/handler/page_handler/page_handler.go:35.16,38.3 2 1
golang_layout/internal/handler/page_handler/page_handler.go:43.71,45.16 2 1
golang_layout/internal/handler/page_handler/page_handler.go:49.2,52.39 4 1
golang_layout/internal/handler/page_handler/page_handler.go:56.2,57.16 2 1
golang_layout/internal/handler/page_handler/page_handler.go:61.2,61.52 1 1
golang_layout/internal/handler/page_handler/page_handler.go:45.16,48.3 2 1
golang_layout/internal/handler/page_handler/page_handler.go:52.39,55.3 2 1
golang_layout/internal/handler/page_handler/page_handler.go:57.16,60.3 2 1
golang_layout/internal/handler/page_handler/page_handler.go:64.80,68.39 4 0
golang_layout/internal/handler/page_handler/page_handler.go:72.2,74.16 3 0
golang_layout/internal/handler/page_handler/page_handler.go:78.2,78.55 1 0
golang_layout/internal/handler/page_handler/page_handler.go:68.39,71.3 2 0
golang_layout/internal/handler/page_handler/page_handler.go:74.16,77.3 2 0
golang_layout/internal/handler/page_handler/page_handler.go:81.72,83.16 2 0
golang_layout/internal/handler/page_handler/page_handler.go:87.2,87.18 1 0
golang_layout/internal/handler/page_handler/page_handler.go:83.16,86.3 2 0
golang_layout/internal/handler/page_handler/page_handler.go:90.71,93.2 2 0
golang_layout/internal/handler/page_handler/page_handler.go:99.88,100.54 1 0
golang_layout/internal/handler/page_handler/page_handler.go:100.54,103.15 2 0
golang_layout/internal/handler/page_handler/page_handler.go:116.3,116.17 1 0
golang_layout/internal/handler/page_handler/page_handler.go:103.15,105.16 2 0
golang_layout/internal/handler/page_handler/page_handler.go:113.4,114.10 2 0
golang_layout/internal/handler/page_handler/page_handler.go:105.16,106.26 1 0
golang_layout/internal/handler/page_handler/page_handler.go:111.5,111.11 1 0
golang_layout/internal/handler/page_handler/page_handler.go:106.26,108.6 1 0
golang_layout/internal/handler/page_handler/page_handler.go:108.11,110.6 1 0
golang_layout/internal/handler/page_handler/page_handler.go:120.23,133.2 10 0
golang_layout/internal/handler/page_handler/page_handler.go:135.77,137.16 2 1
golang_layout/internal/handler/page_handler/page_handler.go:137.16,139.3 1 0
golang_layout/internal/handler/page_handler/page_handler.go:142.62,144.16 2 0
golang_layout/internal/handler/page_handler/page_handler.go:144.16,146.3 1 0
